2025-02-18 18:11:00,550 [Worker-4: Loading available Gradle versions] INFO  o.e.b.c.i.u.g.PublishedGradleVersions - Gradle version information cache is not available. Remote download required.
2025-02-20 06:21:46,352 [Worker-2: Loading available Gradle versions] INFO  o.e.b.c.i.u.g.PublishedGradleVersions - Gradle version information cache is not available. Remote download required.
2025-02-20 06:26:45,583 [Worker-11: https://download.eclipse.org/webtools/downloads/drops/R3.36.0/R-3.36.0-20241110095156/repositoryunittests/content.xml.xz] INFO  o.a.h.c.h.i.c.HttpRequestRetryExec - Recoverable I/O exception (java.net.SocketException) caught when processing request to {s}->https://download.eclipse.org:443
2025-02-20 06:29:12,850 [Worker-31: https://download.eclipse.org/webtools/repository/latest/compositeArtifacts.jar] INFO  o.a.h.c.h.i.c.HttpRequestRetryExec - Recoverable I/O exception (java.net.SocketException) caught when processing request to {s}->https://download.eclipse.org:443
2025-02-20 07:22:30,401 [Worker-3: Loading available Gradle versions] INFO  o.e.b.c.i.u.g.PublishedGradleVersions - Gradle version information cache is up-to-date. Trying to read.
2025-03-01 06:21:14,823 [Worker-13: Loading available Gradle versions] INFO  o.e.b.c.i.u.g.PublishedGradleVersions - Gradle version information cache is out-of-date. Trying to update.
2025-03-01 06:22:44,530 [Worker-11: https://download.eclipse.org/technology/m2e/releases/latest/content.xml.xz] INFO  o.a.h.c.h.i.c.HttpRequestRetryExec - Recoverable I/O exception (java.net.SocketException) caught when processing request to {s}->https://download.eclipse.org:443
2025-03-01 06:54:43,834 [Worker-1: Loading available Gradle versions] INFO  o.e.b.c.i.u.g.PublishedGradleVersions - Gradle version information cache is up-to-date. Trying to read.
2025-03-05 07:41:18,853 [Worker-1: Loading available Gradle versions] INFO  o.e.b.c.i.u.g.PublishedGradleVersions - Gradle version information cache is out-of-date. Trying to update.
2025-03-05 07:41:33,019 [Worker-1: Loading available Gradle versions] INFO  o.e.b.c.i.u.g.PublishedGradleVersions - Updating Gradle version information cache failed. Using outdated cache.
2025-03-06 07:17:14,326 [Worker-2: Loading available Gradle versions] INFO  o.e.b.c.i.u.g.PublishedGradleVersions - Gradle version information cache is out-of-date. Trying to update.
2025-03-10 07:34:55,247 [Worker-0: Loading available Gradle versions] INFO  o.e.b.c.i.u.g.PublishedGradleVersions - Gradle version information cache is out-of-date. Trying to update.
2025-03-10 08:47:34,035 [Worker-2: Loading available Gradle versions] INFO  o.e.b.c.i.u.g.PublishedGradleVersions - Gradle version information cache is up-to-date. Trying to read.
2025-03-12 09:03:09,829 [Worker-0: Loading available Gradle versions] INFO  o.e.b.c.i.u.g.PublishedGradleVersions - Gradle version information cache is out-of-date. Trying to update.
2025-03-13 09:25:14,238 [Worker-7: Loading available Gradle versions] INFO  o.e.b.c.i.u.g.PublishedGradleVersions - Gradle version information cache is out-of-date. Trying to update.
2025-03-13 09:59:44,750 [Worker-0: Loading available Gradle versions] INFO  o.e.b.c.i.u.g.PublishedGradleVersions - Gradle version information cache is up-to-date. Trying to read.
2025-03-14 10:50:25,676 [Worker-2: Loading available Gradle versions] INFO  o.e.b.c.i.u.g.PublishedGradleVersions - Gradle version information cache is out-of-date. Trying to update.
2025-03-14 10:56:04,682 [Worker-10: Launching mavenrun-5e2286db-7368-4fe2-aebb-216d4d7a1c90] INFO  o.eclipse.m2e.core.internal.Bundles - getClasspathEntries(Bundle=org.eclipse.m2e.maven.runtime_3.9.900.20240824-1409 [1732])
2025-03-14 10:56:04,691 [Worker-10: Launching mavenrun-5e2286db-7368-4fe2-aebb-216d4d7a1c90] INFO  o.eclipse.m2e.core.internal.Bundles - 	Entry: C:\Users\akv31\.p2\pool\plugins\org.eclipse.m2e.maven.runtime_3.9.900.20240824-1409
2025-03-14 10:56:04,692 [Worker-10: Launching mavenrun-5e2286db-7368-4fe2-aebb-216d4d7a1c90] INFO  o.eclipse.m2e.core.internal.Bundles - 	Entry: C:\Users\akv31\.p2\pool\plugins\org.eclipse.m2e.maven.runtime_3.9.900.20240824-1409\jars\aopalliance-1.0.jar
2025-03-14 10:56:04,694 [Worker-10: Launching mavenrun-5e2286db-7368-4fe2-aebb-216d4d7a1c90] INFO  o.eclipse.m2e.core.internal.Bundles - 	Entry: C:\Users\akv31\.p2\pool\plugins\org.eclipse.m2e.maven.runtime_3.9.900.20240824-1409\jars\guice-5.1.0.jar
2025-03-14 10:56:04,695 [Worker-10: Launching mavenrun-5e2286db-7368-4fe2-aebb-216d4d7a1c90] INFO  o.eclipse.m2e.core.internal.Bundles - 	Entry: C:\Users\akv31\.p2\pool\plugins\org.eclipse.m2e.maven.runtime_3.9.900.20240824-1409\jars\httpclient-4.5.14.jar
2025-03-14 10:56:04,696 [Worker-10: Launching mavenrun-5e2286db-7368-4fe2-aebb-216d4d7a1c90] INFO  o.eclipse.m2e.core.internal.Bundles - 	Entry: C:\Users\akv31\.p2\pool\plugins\org.eclipse.m2e.maven.runtime_3.9.900.20240824-1409\jars\httpcore-4.4.16.jar
2025-03-14 10:56:04,697 [Worker-10: Launching mavenrun-5e2286db-7368-4fe2-aebb-216d4d7a1c90] INFO  o.eclipse.m2e.core.internal.Bundles - 	Entry: C:\Users\akv31\.p2\pool\plugins\org.eclipse.m2e.maven.runtime_3.9.900.20240824-1409\jars\jansi-2.4.1.jar
2025-03-14 10:56:04,698 [Worker-10: Launching mavenrun-5e2286db-7368-4fe2-aebb-216d4d7a1c90] INFO  o.eclipse.m2e.core.internal.Bundles - 	Entry: C:\Users\akv31\.p2\pool\plugins\org.eclipse.m2e.maven.runtime_3.9.900.20240824-1409\jars\jcl-over-slf4j-1.7.36.jar
2025-03-14 10:56:04,699 [Worker-10: Launching mavenrun-5e2286db-7368-4fe2-aebb-216d4d7a1c90] INFO  o.eclipse.m2e.core.internal.Bundles - 	Entry: C:\Users\akv31\.p2\pool\plugins\org.eclipse.m2e.maven.runtime_3.9.900.20240824-1409\jars\maven-artifact-3.9.9.jar
2025-03-14 10:56:04,701 [Worker-10: Launching mavenrun-5e2286db-7368-4fe2-aebb-216d4d7a1c90] INFO  o.eclipse.m2e.core.internal.Bundles - 	Entry: C:\Users\akv31\.p2\pool\plugins\org.eclipse.m2e.maven.runtime_3.9.900.20240824-1409\jars\maven-builder-support-3.9.9.jar
2025-03-14 10:56:04,702 [Worker-10: Launching mavenrun-5e2286db-7368-4fe2-aebb-216d4d7a1c90] INFO  o.eclipse.m2e.core.internal.Bundles - 	Entry: C:\Users\akv31\.p2\pool\plugins\org.eclipse.m2e.maven.runtime_3.9.900.20240824-1409\jars\maven-compat-3.9.9.jar
2025-03-14 10:56:04,703 [Worker-10: Launching mavenrun-5e2286db-7368-4fe2-aebb-216d4d7a1c90] INFO  o.eclipse.m2e.core.internal.Bundles - 	Entry: C:\Users\akv31\.p2\pool\plugins\org.eclipse.m2e.maven.runtime_3.9.900.20240824-1409\jars\maven-core-3.9.9.jar
2025-03-14 10:56:04,704 [Worker-10: Launching mavenrun-5e2286db-7368-4fe2-aebb-216d4d7a1c90] INFO  o.eclipse.m2e.core.internal.Bundles - 	Entry: C:\Users\akv31\.p2\pool\plugins\org.eclipse.m2e.maven.runtime_3.9.900.20240824-1409\jars\maven-embedder-3.9.9.jar
2025-03-14 10:56:04,705 [Worker-10: Launching mavenrun-5e2286db-7368-4fe2-aebb-216d4d7a1c90] INFO  o.eclipse.m2e.core.internal.Bundles - 	Entry: C:\Users\akv31\.p2\pool\plugins\org.eclipse.m2e.maven.runtime_3.9.900.20240824-1409\jars\maven-model-3.9.9.jar
2025-03-14 10:56:04,706 [Worker-10: Launching mavenrun-5e2286db-7368-4fe2-aebb-216d4d7a1c90] INFO  o.eclipse.m2e.core.internal.Bundles - 	Entry: C:\Users\akv31\.p2\pool\plugins\org.eclipse.m2e.maven.runtime_3.9.900.20240824-1409\jars\maven-model-builder-3.9.9.jar
2025-03-14 10:56:04,707 [Worker-10: Launching mavenrun-5e2286db-7368-4fe2-aebb-216d4d7a1c90] INFO  o.eclipse.m2e.core.internal.Bundles - 	Entry: C:\Users\akv31\.p2\pool\plugins\org.eclipse.m2e.maven.runtime_3.9.900.20240824-1409\jars\maven-plugin-api-3.9.9.jar
2025-03-14 10:56:04,709 [Worker-10: Launching mavenrun-5e2286db-7368-4fe2-aebb-216d4d7a1c90] INFO  o.eclipse.m2e.core.internal.Bundles - 	Entry: C:\Users\akv31\.p2\pool\plugins\org.eclipse.m2e.maven.runtime_3.9.900.20240824-1409\jars\maven-repository-metadata-3.9.9.jar
2025-03-14 10:56:04,710 [Worker-10: Launching mavenrun-5e2286db-7368-4fe2-aebb-216d4d7a1c90] INFO  o.eclipse.m2e.core.internal.Bundles - 	Entry: C:\Users\akv31\.p2\pool\plugins\org.eclipse.m2e.maven.runtime_3.9.900.20240824-1409\jars\maven-resolver-api-1.9.22.jar
2025-03-14 10:56:04,711 [Worker-10: Launching mavenrun-5e2286db-7368-4fe2-aebb-216d4d7a1c90] INFO  o.eclipse.m2e.core.internal.Bundles - 	Entry: C:\Users\akv31\.p2\pool\plugins\org.eclipse.m2e.maven.runtime_3.9.900.20240824-1409\jars\maven-resolver-connector-basic-1.9.22.jar
2025-03-14 10:56:04,712 [Worker-10: Launching mavenrun-5e2286db-7368-4fe2-aebb-216d4d7a1c90] INFO  o.eclipse.m2e.core.internal.Bundles - 	Entry: C:\Users\akv31\.p2\pool\plugins\org.eclipse.m2e.maven.runtime_3.9.900.20240824-1409\jars\maven-resolver-impl-1.9.22.jar
2025-03-14 10:56:04,713 [Worker-10: Launching mavenrun-5e2286db-7368-4fe2-aebb-216d4d7a1c90] INFO  o.eclipse.m2e.core.internal.Bundles - 	Entry: C:\Users\akv31\.p2\pool\plugins\org.eclipse.m2e.maven.runtime_3.9.900.20240824-1409\jars\maven-resolver-named-locks-1.9.22.jar
2025-03-14 10:56:04,714 [Worker-10: Launching mavenrun-5e2286db-7368-4fe2-aebb-216d4d7a1c90] INFO  o.eclipse.m2e.core.internal.Bundles - 	Entry: C:\Users\akv31\.p2\pool\plugins\org.eclipse.m2e.maven.runtime_3.9.900.20240824-1409\jars\maven-resolver-provider-3.9.9.jar
2025-03-14 10:56:04,716 [Worker-10: Launching mavenrun-5e2286db-7368-4fe2-aebb-216d4d7a1c90] INFO  o.eclipse.m2e.core.internal.Bundles - 	Entry: C:\Users\akv31\.p2\pool\plugins\org.eclipse.m2e.maven.runtime_3.9.900.20240824-1409\jars\maven-resolver-spi-1.9.22.jar
2025-03-14 10:56:04,717 [Worker-10: Launching mavenrun-5e2286db-7368-4fe2-aebb-216d4d7a1c90] INFO  o.eclipse.m2e.core.internal.Bundles - 	Entry: C:\Users\akv31\.p2\pool\plugins\org.eclipse.m2e.maven.runtime_3.9.900.20240824-1409\jars\maven-resolver-transport-file-1.9.22.jar
2025-03-14 10:56:04,718 [Worker-10: Launching mavenrun-5e2286db-7368-4fe2-aebb-216d4d7a1c90] INFO  o.eclipse.m2e.core.internal.Bundles - 	Entry: C:\Users\akv31\.p2\pool\plugins\org.eclipse.m2e.maven.runtime_3.9.900.20240824-1409\jars\maven-resolver-transport-http-1.9.22.jar
2025-03-14 10:56:04,719 [Worker-10: Launching mavenrun-5e2286db-7368-4fe2-aebb-216d4d7a1c90] INFO  o.eclipse.m2e.core.internal.Bundles - 	Entry: C:\Users\akv31\.p2\pool\plugins\org.eclipse.m2e.maven.runtime_3.9.900.20240824-1409\jars\maven-resolver-transport-wagon-1.9.22.jar
2025-03-14 10:56:04,720 [Worker-10: Launching mavenrun-5e2286db-7368-4fe2-aebb-216d4d7a1c90] INFO  o.eclipse.m2e.core.internal.Bundles - 	Entry: C:\Users\akv31\.p2\pool\plugins\org.eclipse.m2e.maven.runtime_3.9.900.20240824-1409\jars\maven-resolver-util-1.9.22.jar
2025-03-14 10:56:04,721 [Worker-10: Launching mavenrun-5e2286db-7368-4fe2-aebb-216d4d7a1c90] INFO  o.eclipse.m2e.core.internal.Bundles - 	Entry: C:\Users\akv31\.p2\pool\plugins\org.eclipse.m2e.maven.runtime_3.9.900.20240824-1409\jars\maven-settings-3.9.9.jar
2025-03-14 10:56:04,722 [Worker-10: Launching mavenrun-5e2286db-7368-4fe2-aebb-216d4d7a1c90] INFO  o.eclipse.m2e.core.internal.Bundles - 	Entry: C:\Users\akv31\.p2\pool\plugins\org.eclipse.m2e.maven.runtime_3.9.900.20240824-1409\jars\maven-settings-builder-3.9.9.jar
2025-03-14 10:56:04,723 [Worker-10: Launching mavenrun-5e2286db-7368-4fe2-aebb-216d4d7a1c90] INFO  o.eclipse.m2e.core.internal.Bundles - 	Entry: C:\Users\akv31\.p2\pool\plugins\org.eclipse.m2e.maven.runtime_3.9.900.20240824-1409\jars\maven-shared-utils-3.4.2.jar
2025-03-14 10:56:04,724 [Worker-10: Launching mavenrun-5e2286db-7368-4fe2-aebb-216d4d7a1c90] INFO  o.eclipse.m2e.core.internal.Bundles - 	Entry: C:\Users\akv31\.p2\pool\plugins\org.eclipse.m2e.maven.runtime_3.9.900.20240824-1409\jars\org.eclipse.sisu.inject-0.9.0.M3.jar
2025-03-14 10:56:04,725 [Worker-10: Launching mavenrun-5e2286db-7368-4fe2-aebb-216d4d7a1c90] INFO  o.eclipse.m2e.core.internal.Bundles - 	Entry: C:\Users\akv31\.p2\pool\plugins\org.eclipse.m2e.maven.runtime_3.9.900.20240824-1409\jars\org.eclipse.sisu.plexus-0.9.0.M3.jar
2025-03-14 10:56:04,727 [Worker-10: Launching mavenrun-5e2286db-7368-4fe2-aebb-216d4d7a1c90] INFO  o.eclipse.m2e.core.internal.Bundles - 	Entry: C:\Users\akv31\.p2\pool\plugins\org.eclipse.m2e.maven.runtime_3.9.900.20240824-1409\jars\plexus-build-api-0.0.7.jar
2025-03-14 10:56:04,771 [Worker-10: Launching mavenrun-5e2286db-7368-4fe2-aebb-216d4d7a1c90] INFO  o.eclipse.m2e.core.internal.Bundles - 	Entry: C:\Users\akv31\.p2\pool\plugins\org.eclipse.m2e.maven.runtime_3.9.900.20240824-1409\jars\plexus-build-api-1.2.0.jar
2025-03-14 10:56:04,772 [Worker-10: Launching mavenrun-5e2286db-7368-4fe2-aebb-216d4d7a1c90] INFO  o.eclipse.m2e.core.internal.Bundles - 	Entry: C:\Users\akv31\.p2\pool\plugins\org.eclipse.m2e.maven.runtime_3.9.900.20240824-1409\jars\plexus-cipher-2.0.jar
2025-03-14 10:56:04,774 [Worker-10: Launching mavenrun-5e2286db-7368-4fe2-aebb-216d4d7a1c90] INFO  o.eclipse.m2e.core.internal.Bundles - 	Entry: C:\Users\akv31\.p2\pool\plugins\org.eclipse.m2e.maven.runtime_3.9.900.20240824-1409\jars\plexus-classworlds-2.8.0.jar
2025-03-14 10:56:04,775 [Worker-10: Launching mavenrun-5e2286db-7368-4fe2-aebb-216d4d7a1c90] INFO  o.eclipse.m2e.core.internal.Bundles - 	Entry: C:\Users\akv31\.p2\pool\plugins\org.eclipse.m2e.maven.runtime_3.9.900.20240824-1409\jars\plexus-component-annotations-2.1.0.jar
2025-03-14 10:56:04,776 [Worker-10: Launching mavenrun-5e2286db-7368-4fe2-aebb-216d4d7a1c90] INFO  o.eclipse.m2e.core.internal.Bundles - 	Entry: C:\Users\akv31\.p2\pool\plugins\org.eclipse.m2e.maven.runtime_3.9.900.20240824-1409\jars\plexus-interpolation-1.27.jar
2025-03-14 10:56:04,777 [Worker-10: Launching mavenrun-5e2286db-7368-4fe2-aebb-216d4d7a1c90] INFO  o.eclipse.m2e.core.internal.Bundles - 	Entry: C:\Users\akv31\.p2\pool\plugins\org.eclipse.m2e.maven.runtime_3.9.900.20240824-1409\jars\plexus-sec-dispatcher-2.0.jar
2025-03-14 10:56:04,777 [Worker-10: Launching mavenrun-5e2286db-7368-4fe2-aebb-216d4d7a1c90] INFO  o.eclipse.m2e.core.internal.Bundles - 	Entry: C:\Users\akv31\.p2\pool\plugins\org.eclipse.m2e.maven.runtime_3.9.900.20240824-1409\jars\plexus-utils-3.5.1.jar
2025-03-14 10:56:04,778 [Worker-10: Launching mavenrun-5e2286db-7368-4fe2-aebb-216d4d7a1c90] INFO  o.eclipse.m2e.core.internal.Bundles - 	Entry: C:\Users\akv31\.p2\pool\plugins\org.eclipse.m2e.maven.runtime_3.9.900.20240824-1409\jars\plexus-xml-3.0.1.jar
2025-03-14 10:56:04,779 [Worker-10: Launching mavenrun-5e2286db-7368-4fe2-aebb-216d4d7a1c90] INFO  o.eclipse.m2e.core.internal.Bundles - 	Entry: C:\Users\akv31\.p2\pool\plugins\org.eclipse.m2e.maven.runtime_3.9.900.20240824-1409\jars\wagon-file-3.5.3.jar
2025-03-14 10:56:04,780 [Worker-10: Launching mavenrun-5e2286db-7368-4fe2-aebb-216d4d7a1c90] INFO  o.eclipse.m2e.core.internal.Bundles - 	Entry: C:\Users\akv31\.p2\pool\plugins\org.eclipse.m2e.maven.runtime_3.9.900.20240824-1409\jars\wagon-http-3.5.3.jar
2025-03-14 10:56:04,782 [Worker-10: Launching mavenrun-5e2286db-7368-4fe2-aebb-216d4d7a1c90] INFO  o.eclipse.m2e.core.internal.Bundles - 	Entry: C:\Users\akv31\.p2\pool\plugins\org.eclipse.m2e.maven.runtime_3.9.900.20240824-1409\jars\wagon-http-shared-3.5.3.jar
2025-03-14 10:56:04,783 [Worker-10: Launching mavenrun-5e2286db-7368-4fe2-aebb-216d4d7a1c90] INFO  o.eclipse.m2e.core.internal.Bundles - 	Entry: C:\Users\akv31\.p2\pool\plugins\org.eclipse.m2e.maven.runtime_3.9.900.20240824-1409\jars\wagon-provider-api-3.5.3.jar
2025-03-14 10:56:04,789 [Worker-10: Launching mavenrun-5e2286db-7368-4fe2-aebb-216d4d7a1c90] INFO  o.eclipse.m2e.core.internal.Bundles - getClasspathEntries(Bundle=com.google.guava_33.3.1.jre [1935])
2025-03-14 10:56:04,791 [Worker-10: Launching mavenrun-5e2286db-7368-4fe2-aebb-216d4d7a1c90] INFO  o.eclipse.m2e.core.internal.Bundles - 	Entry: C:\Users\akv31\.p2\pool\plugins\com.google.guava_33.3.1.jre.jar
2025-03-14 10:56:04,791 [Worker-10: Launching mavenrun-5e2286db-7368-4fe2-aebb-216d4d7a1c90] INFO  o.eclipse.m2e.core.internal.Bundles - getClasspathEntries(Bundle=slf4j.api_2.0.16 [1927])
2025-03-14 10:56:04,793 [Worker-10: Launching mavenrun-5e2286db-7368-4fe2-aebb-216d4d7a1c90] INFO  o.eclipse.m2e.core.internal.Bundles - 	Entry: C:\Users\akv31\.p2\pool\plugins\slf4j.api_2.0.16.jar
2025-03-14 10:56:04,793 [Worker-10: Launching mavenrun-5e2286db-7368-4fe2-aebb-216d4d7a1c90] INFO  o.eclipse.m2e.core.internal.Bundles - getClasspathEntries(Bundle=javax.inject_1.0.0.v20220405-0441 [1484])
2025-03-14 10:56:04,794 [Worker-10: Launching mavenrun-5e2286db-7368-4fe2-aebb-216d4d7a1c90] INFO  o.eclipse.m2e.core.internal.Bundles - 	Entry: C:\Users\akv31\.p2\pool\plugins\javax.inject_1.0.0.v20220405-0441.jar
2025-03-14 10:56:04,796 [Worker-10: Launching mavenrun-5e2286db-7368-4fe2-aebb-216d4d7a1c90] INFO  o.eclipse.m2e.core.internal.Bundles - getClasspathEntries(Bundle=javax.annotation_1.3.5.v20230504-0748 [1483])
2025-03-14 10:56:04,798 [Worker-10: Launching mavenrun-5e2286db-7368-4fe2-aebb-216d4d7a1c90] INFO  o.eclipse.m2e.core.internal.Bundles - 	Entry: C:\Users\akv31\.p2\pool\plugins\javax.annotation_1.3.5.v20230504-0748.jar
2025-03-14 10:56:04,799 [Worker-10: Launching mavenrun-5e2286db-7368-4fe2-aebb-216d4d7a1c90] INFO  o.eclipse.m2e.core.internal.Bundles - getClasspathEntries(Bundle=org.apache.commons.cli_1.9.0 [1568])
2025-03-14 10:56:04,800 [Worker-10: Launching mavenrun-5e2286db-7368-4fe2-aebb-216d4d7a1c90] INFO  o.eclipse.m2e.core.internal.Bundles - 	Entry: C:\Users\akv31\.p2\pool\plugins\org.apache.commons.cli_1.9.0.jar
2025-03-14 10:56:04,801 [Worker-10: Launching mavenrun-5e2286db-7368-4fe2-aebb-216d4d7a1c90] INFO  o.eclipse.m2e.core.internal.Bundles - getClasspathEntries(Bundle=org.apache.commons.commons-codec_1.16.0 [78])
2025-03-14 10:56:04,802 [Worker-10: Launching mavenrun-5e2286db-7368-4fe2-aebb-216d4d7a1c90] INFO  o.eclipse.m2e.core.internal.Bundles - 	Entry: C:\Users\akv31\.p2\pool\plugins\org.apache.commons.commons-codec_1.16.0.jar
2025-03-14 10:56:04,803 [Worker-10: Launching mavenrun-5e2286db-7368-4fe2-aebb-216d4d7a1c90] INFO  o.eclipse.m2e.core.internal.Bundles - getClasspathEntries(Bundle=com.google.guava.failureaccess_1.0.2 [15])
2025-03-14 10:56:04,804 [Worker-10: Launching mavenrun-5e2286db-7368-4fe2-aebb-216d4d7a1c90] INFO  o.eclipse.m2e.core.internal.Bundles - 	Entry: C:\Users\akv31\.p2\pool\plugins\com.google.guava.failureaccess_1.0.2.jar
2025-03-14 10:56:04,816 [Worker-10: Launching mavenrun-5e2286db-7368-4fe2-aebb-216d4d7a1c90] INFO  o.e.m.i.launch.MavenLaunchDelegate - Run build in "C:\Users\akv31\AppData\Local\Temp\m2e-archetypeGenerator3372912054334313398":
2025-03-14 10:56:04,829 [Worker-10: Launching mavenrun-5e2286db-7368-4fe2-aebb-216d4d7a1c90] INFO  o.e.m.i.launch.MavenLaunchDelegate -  mvn  -DjavaCompilerVersion=17 -DjunitVersion=5.11.0 -DarchetypeGroupId=org.apache.maven.archetypes -DarchetypeArtifactId=maven-archetype-quickstart -DarchetypeVersion=1.5 -DgroupId=AKV -DartifactId=IOCProj06_Strategy_DP_Spring -Dversion=0.0.1-SNAPSHOT -Dpackage=com.ak.test -DoutputDirectory="D:\A2Z\Spring Core" -Dstyle.color=always -U archetype:generate
2025-03-14 10:56:39,097 [Worker-13: Creating maven-archetype-quickstart] INFO  o.e.m.c.i.p.ProjectConfigurationManager - Collecting project info '/pom.xml' D:\A2Z\Spring Core\IOCProj06_Strategy_DP_Spring\pom.xml
2025-03-14 10:56:41,863 [Worker-13: Creating maven-archetype-quickstart] INFO  o.e.m.c.i.l.LifecycleMappingFactory - Using org.eclipse.m2e.jdt.JarLifecycleMapping lifecycle mapping for MavenProject: AKV:IOCProj06_Strategy_DP_Spring:0.0.1-SNAPSHOT @ D:\A2Z\Spring Core\IOCProj06_Strategy_DP_Spring\pom.xml.
2025-03-14 10:56:44,794 [Worker-13: Creating maven-archetype-quickstart] INFO  o.e.m.j.i.AbstractJavaProjectConfigurator - Adding source folder /IOCProj06_Strategy_DP_Spring/src/main/java
2025-03-14 10:56:44,801 [Worker-13: Creating maven-archetype-quickstart] INFO  o.e.m.j.i.AbstractJavaProjectConfigurator - Adding resource folder /IOCProj06_Strategy_DP_Spring/src/main/resources
2025-03-14 10:56:44,850 [Worker-13: Creating maven-archetype-quickstart] INFO  o.e.m.j.i.AbstractJavaProjectConfigurator - Adding source folder /IOCProj06_Strategy_DP_Spring/src/test/java
2025-03-14 10:56:44,853 [Worker-13: Creating maven-archetype-quickstart] INFO  o.e.m.j.i.AbstractJavaProjectConfigurator - Adding resource folder /IOCProj06_Strategy_DP_Spring/src/test/resources
2025-03-14 10:56:45,752 [Worker-13: Creating maven-archetype-quickstart] INFO  o.e.m.c.i.p.ProjectConfigurationManager - Imported and configured 1 project(s) in 6 sec
2025-03-14 10:56:49,038 [Worker-10: Building] INFO  o.a.m.s.f.DefaultMavenResourcesFiltering - skip non existing resourceDirectory D:\A2Z\Spring Core\IOCProj06_Strategy_DP_Spring\src\main\resources
2025-03-14 10:56:49,051 [Worker-10: Building] INFO  o.a.m.s.f.DefaultMavenResourcesFiltering - skip non existing resourceDirectory D:\A2Z\Spring Core\IOCProj06_Strategy_DP_Spring\src\test\resources
2025-03-14 11:00:40,238 [Worker-19: Building] INFO  o.e.m.c.i.l.LifecycleMappingFactory - Using org.eclipse.m2e.jdt.JarLifecycleMapping lifecycle mapping for MavenProject: AKV:IOCProj06_Strategy_DP_Spring:0.0.1-SNAPSHOT @ D:\A2Z\Spring Core\IOCProj06_Strategy_DP_Spring\pom.xml.
2025-03-14 11:00:40,637 [Worker-19: Building] INFO  o.e.m.c.i.e.AbstractTransferListenerAdapter - Downloading https://repo.maven.apache.org/maven2/org/springframework/spring-core/7.0.0-M1/spring-core-7.0.0-M1.pom
2025-03-14 11:00:40,687 [Worker-19: Building] INFO  o.e.m.c.i.e.AbstractTransferListenerAdapter - Downloaded https://repo.maven.apache.org/maven2/org/springframework/spring-core/7.0.0-M1/spring-core-7.0.0-M1.pom
2025-03-14 11:00:40,744 [Worker-19: Building] INFO  o.e.m.c.i.e.AbstractTransferListenerAdapter - Downloading https://repo.maven.apache.org/maven2/commons-logging/commons-logging/1.3.4/commons-logging-1.3.4.pom
2025-03-14 11:00:40,779 [Worker-19: Building] INFO  o.e.m.c.i.e.AbstractTransferListenerAdapter - Downloaded https://repo.maven.apache.org/maven2/commons-logging/commons-logging/1.3.4/commons-logging-1.3.4.pom
2025-03-14 11:00:40,830 [Worker-19: Building] INFO  o.e.m.c.i.e.AbstractTransferListenerAdapter - Downloading https://repo.maven.apache.org/maven2/org/apache/commons/commons-parent/72/commons-parent-72.pom
2025-03-14 11:00:40,897 [Worker-19: Building] INFO  o.e.m.c.i.e.AbstractTransferListenerAdapter - Downloaded https://repo.maven.apache.org/maven2/org/apache/commons/commons-parent/72/commons-parent-72.pom
2025-03-14 11:00:40,971 [Worker-19: Building] INFO  o.e.m.c.i.e.AbstractTransferListenerAdapter - Downloading https://repo.maven.apache.org/maven2/org/junit/junit-bom/5.11.0-M2/junit-bom-5.11.0-M2.pom
2025-03-14 11:00:40,990 [Worker-19: Building] INFO  o.e.m.c.i.e.AbstractTransferListenerAdapter - Downloaded https://repo.maven.apache.org/maven2/org/junit/junit-bom/5.11.0-M2/junit-bom-5.11.0-M2.pom
2025-03-14 11:00:41,050 [Worker-19: Building] INFO  o.e.m.c.i.e.AbstractTransferListenerAdapter - Downloading https://repo.maven.apache.org/maven2/org/jspecify/jspecify/1.0.0/jspecify-1.0.0.pom
2025-03-14 11:00:41,069 [Worker-19: Building] INFO  o.e.m.c.i.e.AbstractTransferListenerAdapter - Downloaded https://repo.maven.apache.org/maven2/org/jspecify/jspecify/1.0.0/jspecify-1.0.0.pom
2025-03-14 11:00:41,181 [Worker-19: Building] INFO  o.e.m.c.i.e.AbstractTransferListenerAdapter - Downloading https://repo.maven.apache.org/maven2/org/springframework/spring-core/7.0.0-M1/spring-core-7.0.0-M1.jar
2025-03-14 11:00:42,047 [Worker-19: Building] INFO  o.e.m.c.i.e.AbstractTransferListenerAdapter - Downloaded https://repo.maven.apache.org/maven2/org/springframework/spring-core/7.0.0-M1/spring-core-7.0.0-M1.jar
2025-03-14 11:00:42,079 [BasicRepositoryConnector-repo.maven.apache.org-0-0] INFO  o.e.m.c.i.e.AbstractTransferListenerAdapter - Downloading https://repo.maven.apache.org/maven2/commons-logging/commons-logging/1.3.4/commons-logging-1.3.4.jar
2025-03-14 11:00:42,133 [BasicRepositoryConnector-repo.maven.apache.org-0-0] INFO  o.e.m.c.i.e.AbstractTransferListenerAdapter - Downloaded https://repo.maven.apache.org/maven2/commons-logging/commons-logging/1.3.4/commons-logging-1.3.4.jar
2025-03-14 11:00:42,202 [BasicRepositoryConnector-repo.maven.apache.org-0-1] INFO  o.e.m.c.i.e.AbstractTransferListenerAdapter - Downloading https://repo.maven.apache.org/maven2/org/jspecify/jspecify/1.0.0/jspecify-1.0.0.jar
2025-03-14 11:00:42,220 [BasicRepositoryConnector-repo.maven.apache.org-0-1] INFO  o.e.m.c.i.e.AbstractTransferListenerAdapter - Downloaded https://repo.maven.apache.org/maven2/org/jspecify/jspecify/1.0.0/jspecify-1.0.0.jar
2025-03-14 11:00:42,957 [Worker-19: Building] INFO  o.a.m.s.f.DefaultMavenResourcesFiltering - skip non existing resourceDirectory D:\A2Z\Spring Core\IOCProj06_Strategy_DP_Spring\src\main\resources
2025-03-14 11:00:42,972 [Worker-19: Building] INFO  o.a.m.s.f.DefaultMavenResourcesFiltering - skip non existing resourceDirectory D:\A2Z\Spring Core\IOCProj06_Strategy_DP_Spring\src\test\resources
2025-03-14 11:00:43,882 [Worker-21: Download sources and javadoc] INFO  o.e.m.c.i.e.AbstractTransferListenerAdapter - Downloading https://repo.maven.apache.org/maven2/org/springframework/spring-core/7.0.0-M1/spring-core-7.0.0-M1-sources.jar
2025-03-14 11:00:45,156 [Worker-21: Download sources and javadoc] INFO  o.e.m.c.i.e.AbstractTransferListenerAdapter - Downloaded https://repo.maven.apache.org/maven2/org/springframework/spring-core/7.0.0-M1/spring-core-7.0.0-M1-sources.jar
2025-03-14 11:00:45,205 [Worker-21: Download sources and javadoc] INFO  o.e.m.j.internal.DownloadSourcesJob - Downloaded sources for org.springframework:spring-core:7.0.0-M1
2025-03-14 11:00:45,314 [Worker-21: Download sources and javadoc] INFO  o.e.m.c.i.e.AbstractTransferListenerAdapter - Downloading https://repo.maven.apache.org/maven2/commons-logging/commons-logging/1.3.4/commons-logging-1.3.4-sources.jar
2025-03-14 11:00:45,428 [Worker-21: Download sources and javadoc] INFO  o.e.m.c.i.e.AbstractTransferListenerAdapter - Downloaded https://repo.maven.apache.org/maven2/commons-logging/commons-logging/1.3.4/commons-logging-1.3.4-sources.jar
2025-03-14 11:00:45,511 [Worker-21: Download sources and javadoc] INFO  o.e.m.j.internal.DownloadSourcesJob - Downloaded sources for commons-logging:commons-logging:1.3.4
2025-03-14 11:00:45,543 [Worker-17: Building] INFO  o.a.m.s.f.DefaultMavenResourcesFiltering - skip non existing resourceDirectory D:\A2Z\Spring Core\IOCProj06_Strategy_DP_Spring\src\main\resources
2025-03-14 11:00:45,567 [Worker-17: Building] INFO  o.a.m.s.f.DefaultMavenResourcesFiltering - skip non existing resourceDirectory D:\A2Z\Spring Core\IOCProj06_Strategy_DP_Spring\src\test\resources
2025-03-14 11:00:45,657 [Worker-21: Download sources and javadoc] INFO  o.e.m.c.i.e.AbstractTransferListenerAdapter - Downloading https://repo.maven.apache.org/maven2/org/jspecify/jspecify/1.0.0/jspecify-1.0.0-sources.jar
2025-03-14 11:00:45,674 [Worker-21: Download sources and javadoc] INFO  o.e.m.c.i.e.AbstractTransferListenerAdapter - Downloaded https://repo.maven.apache.org/maven2/org/jspecify/jspecify/1.0.0/jspecify-1.0.0-sources.jar
2025-03-14 11:00:45,687 [Worker-21: Download sources and javadoc] INFO  o.e.m.j.internal.DownloadSourcesJob - Downloaded sources for org.jspecify:jspecify:1.0.0
2025-03-14 11:01:50,515 [Worker-18: Updating Maven Project] INFO  o.e.m.c.i.p.ProjectConfigurationManager - Update started
2025-03-14 11:01:50,776 [Worker-18: Updating Maven Project] INFO  o.e.m.c.i.l.LifecycleMappingFactory - Using org.eclipse.m2e.jdt.JarLifecycleMapping lifecycle mapping for MavenProject: AKV:IOCProj06_Strategy_DP_Spring:0.0.1-SNAPSHOT @ D:\A2Z\Spring Core\IOCProj06_Strategy_DP_Spring\pom.xml.
2025-03-14 11:01:51,254 [Worker-18: Updating Maven Project] INFO  o.e.m.j.i.AbstractJavaProjectConfigurator - Adding source folder /IOCProj06_Strategy_DP_Spring/src/main/java
2025-03-14 11:01:51,258 [Worker-18: Updating Maven Project] INFO  o.e.m.j.i.AbstractJavaProjectConfigurator - Adding resource folder /IOCProj06_Strategy_DP_Spring/src/main/resources
2025-03-14 11:01:51,260 [Worker-18: Updating Maven Project] INFO  o.e.m.j.i.AbstractJavaProjectConfigurator - Adding source folder /IOCProj06_Strategy_DP_Spring/src/test/java
2025-03-14 11:01:51,262 [Worker-18: Updating Maven Project] INFO  o.e.m.j.i.AbstractJavaProjectConfigurator - Adding resource folder /IOCProj06_Strategy_DP_Spring/src/test/resources
2025-03-14 11:01:51,680 [Worker-18: Updating Maven Project] INFO  o.e.m.c.i.p.ProjectConfigurationManager - Update completed for 1 poms: local refresh takes 0.00 sec, refresh facades takes 0.00 sec, update config takes 0.00 sec 
2025-03-14 11:01:52,540 [Worker-20: Building] INFO  o.a.m.s.f.DefaultMavenResourcesFiltering - skip non existing resourceDirectory D:\A2Z\Spring Core\IOCProj06_Strategy_DP_Spring\src\main\resources
2025-03-14 11:01:52,555 [Worker-20: Building] INFO  o.a.m.s.f.DefaultMavenResourcesFiltering - skip non existing resourceDirectory D:\A2Z\Spring Core\IOCProj06_Strategy_DP_Spring\src\test\resources
2025-03-14 11:03:13,431 [Worker-21: Building] INFO  o.e.m.c.i.l.LifecycleMappingFactory - Using org.eclipse.m2e.jdt.JarLifecycleMapping lifecycle mapping for MavenProject: AKV:IOCProj06_Strategy_DP_Spring:0.0.1-SNAPSHOT @ D:\A2Z\Spring Core\IOCProj06_Strategy_DP_Spring\pom.xml.
2025-03-14 11:03:13,666 [Worker-21: Building] INFO  o.e.m.c.i.e.AbstractTransferListenerAdapter - Downloading https://repo.maven.apache.org/maven2/org/springframework/spring-context-support/7.0.0-M1/spring-context-support-7.0.0-M1.pom
2025-03-14 11:03:13,687 [Worker-21: Building] INFO  o.e.m.c.i.e.AbstractTransferListenerAdapter - Downloaded https://repo.maven.apache.org/maven2/org/springframework/spring-context-support/7.0.0-M1/spring-context-support-7.0.0-M1.pom
2025-03-14 11:03:13,734 [Worker-21: Building] INFO  o.e.m.c.i.e.AbstractTransferListenerAdapter - Downloading https://repo.maven.apache.org/maven2/org/springframework/spring-beans/7.0.0-M1/spring-beans-7.0.0-M1.pom
2025-03-14 11:03:13,751 [Worker-21: Building] INFO  o.e.m.c.i.e.AbstractTransferListenerAdapter - Downloaded https://repo.maven.apache.org/maven2/org/springframework/spring-beans/7.0.0-M1/spring-beans-7.0.0-M1.pom
2025-03-14 11:03:13,801 [Worker-21: Building] INFO  o.e.m.c.i.e.AbstractTransferListenerAdapter - Downloading https://repo.maven.apache.org/maven2/org/springframework/spring-context/7.0.0-M1/spring-context-7.0.0-M1.pom
2025-03-14 11:03:13,827 [Worker-21: Building] INFO  o.e.m.c.i.e.AbstractTransferListenerAdapter - Downloaded https://repo.maven.apache.org/maven2/org/springframework/spring-context/7.0.0-M1/spring-context-7.0.0-M1.pom
2025-03-14 11:03:13,880 [Worker-21: Building] INFO  o.e.m.c.i.e.AbstractTransferListenerAdapter - Downloading https://repo.maven.apache.org/maven2/org/springframework/spring-aop/7.0.0-M1/spring-aop-7.0.0-M1.pom
2025-03-14 11:03:13,900 [Worker-21: Building] INFO  o.e.m.c.i.e.AbstractTransferListenerAdapter - Downloaded https://repo.maven.apache.org/maven2/org/springframework/spring-aop/7.0.0-M1/spring-aop-7.0.0-M1.pom
2025-03-14 11:03:13,949 [Worker-21: Building] INFO  o.e.m.c.i.e.AbstractTransferListenerAdapter - Downloading https://repo.maven.apache.org/maven2/org/springframework/spring-expression/7.0.0-M1/spring-expression-7.0.0-M1.pom
2025-03-14 11:03:13,969 [Worker-21: Building] INFO  o.e.m.c.i.e.AbstractTransferListenerAdapter - Downloaded https://repo.maven.apache.org/maven2/org/springframework/spring-expression/7.0.0-M1/spring-expression-7.0.0-M1.pom
2025-03-14 11:03:14,137 [Worker-21: Building] INFO  o.e.m.c.i.e.AbstractTransferListenerAdapter - Downloading https://repo.maven.apache.org/maven2/org/springframework/spring-context-support/7.0.0-M1/spring-context-support-7.0.0-M1.jar
2025-03-14 11:03:14,257 [Worker-21: Building] INFO  o.e.m.c.i.e.AbstractTransferListenerAdapter - Downloaded https://repo.maven.apache.org/maven2/org/springframework/spring-context-support/7.0.0-M1/spring-context-support-7.0.0-M1.jar
2025-03-14 11:03:14,291 [BasicRepositoryConnector-repo.maven.apache.org-1-1] INFO  o.e.m.c.i.e.AbstractTransferListenerAdapter - Downloading https://repo.maven.apache.org/maven2/org/springframework/spring-context/7.0.0-M1/spring-context-7.0.0-M1.jar
2025-03-14 11:03:14,429 [BasicRepositoryConnector-repo.maven.apache.org-1-3] INFO  o.e.m.c.i.e.AbstractTransferListenerAdapter - Downloading https://repo.maven.apache.org/maven2/org/springframework/spring-expression/7.0.0-M1/spring-expression-7.0.0-M1.jar
2025-03-14 11:03:14,431 [BasicRepositoryConnector-repo.maven.apache.org-1-0] INFO  o.e.m.c.i.e.AbstractTransferListenerAdapter - Downloading https://repo.maven.apache.org/maven2/org/springframework/spring-beans/7.0.0-M1/spring-beans-7.0.0-M1.jar
2025-03-14 11:03:14,475 [BasicRepositoryConnector-repo.maven.apache.org-1-2] INFO  o.e.m.c.i.e.AbstractTransferListenerAdapter - Downloading https://repo.maven.apache.org/maven2/org/springframework/spring-aop/7.0.0-M1/spring-aop-7.0.0-M1.jar
2025-03-14 11:03:15,153 [BasicRepositoryConnector-repo.maven.apache.org-1-3] INFO  o.e.m.c.i.e.AbstractTransferListenerAdapter - Downloaded https://repo.maven.apache.org/maven2/org/springframework/spring-expression/7.0.0-M1/spring-expression-7.0.0-M1.jar
2025-03-14 11:03:15,315 [BasicRepositoryConnector-repo.maven.apache.org-1-2] INFO  o.e.m.c.i.e.AbstractTransferListenerAdapter - Downloaded https://repo.maven.apache.org/maven2/org/springframework/spring-aop/7.0.0-M1/spring-aop-7.0.0-M1.jar
2025-03-14 11:03:15,362 [BasicRepositoryConnector-repo.maven.apache.org-1-1] INFO  o.e.m.c.i.e.AbstractTransferListenerAdapter - Downloaded https://repo.maven.apache.org/maven2/org/springframework/spring-context/7.0.0-M1/spring-context-7.0.0-M1.jar
2025-03-14 11:03:15,644 [BasicRepositoryConnector-repo.maven.apache.org-1-0] INFO  o.e.m.c.i.e.AbstractTransferListenerAdapter - Downloaded https://repo.maven.apache.org/maven2/org/springframework/spring-beans/7.0.0-M1/spring-beans-7.0.0-M1.jar
2025-03-14 11:03:16,393 [Worker-21: Building] INFO  o.a.m.s.f.DefaultMavenResourcesFiltering - skip non existing resourceDirectory D:\A2Z\Spring Core\IOCProj06_Strategy_DP_Spring\src\main\resources
2025-03-14 11:03:16,408 [Worker-21: Building] INFO  o.a.m.s.f.DefaultMavenResourcesFiltering - skip non existing resourceDirectory D:\A2Z\Spring Core\IOCProj06_Strategy_DP_Spring\src\test\resources
2025-03-14 11:03:17,275 [Worker-20: Download sources and javadoc] INFO  o.e.m.c.i.e.AbstractTransferListenerAdapter - Downloading https://repo.maven.apache.org/maven2/org/springframework/spring-context-support/7.0.0-M1/spring-context-support-7.0.0-M1-sources.jar
2025-03-14 11:03:17,393 [Worker-20: Download sources and javadoc] INFO  o.e.m.c.i.e.AbstractTransferListenerAdapter - Downloaded https://repo.maven.apache.org/maven2/org/springframework/spring-context-support/7.0.0-M1/spring-context-support-7.0.0-M1-sources.jar
2025-03-14 11:03:17,408 [Worker-20: Download sources and javadoc] INFO  o.e.m.j.internal.DownloadSourcesJob - Downloaded sources for org.springframework:spring-context-support:7.0.0-M1
2025-03-14 11:03:17,535 [Worker-20: Download sources and javadoc] INFO  o.e.m.c.i.e.AbstractTransferListenerAdapter - Downloading https://repo.maven.apache.org/maven2/org/springframework/spring-beans/7.0.0-M1/spring-beans-7.0.0-M1-sources.jar
2025-03-14 11:03:17,946 [Worker-20: Download sources and javadoc] INFO  o.e.m.c.i.e.AbstractTransferListenerAdapter - Downloaded https://repo.maven.apache.org/maven2/org/springframework/spring-beans/7.0.0-M1/spring-beans-7.0.0-M1-sources.jar
2025-03-14 11:03:17,963 [Worker-20: Download sources and javadoc] INFO  o.e.m.j.internal.DownloadSourcesJob - Downloaded sources for org.springframework:spring-beans:7.0.0-M1
2025-03-14 11:03:18,071 [Worker-20: Download sources and javadoc] INFO  o.e.m.c.i.e.AbstractTransferListenerAdapter - Downloading https://repo.maven.apache.org/maven2/org/springframework/spring-context/7.0.0-M1/spring-context-7.0.0-M1-sources.jar
2025-03-14 11:03:18,375 [Worker-19: Building] INFO  o.a.m.s.f.DefaultMavenResourcesFiltering - skip non existing resourceDirectory D:\A2Z\Spring Core\IOCProj06_Strategy_DP_Spring\src\main\resources
2025-03-14 11:03:18,407 [Worker-19: Building] INFO  o.a.m.s.f.DefaultMavenResourcesFiltering - skip non existing resourceDirectory D:\A2Z\Spring Core\IOCProj06_Strategy_DP_Spring\src\test\resources
2025-03-14 11:03:18,654 [Worker-20: Download sources and javadoc] INFO  o.e.m.c.i.e.AbstractTransferListenerAdapter - Downloaded https://repo.maven.apache.org/maven2/org/springframework/spring-context/7.0.0-M1/spring-context-7.0.0-M1-sources.jar
2025-03-14 11:03:18,671 [Worker-20: Download sources and javadoc] INFO  o.e.m.j.internal.DownloadSourcesJob - Downloaded sources for org.springframework:spring-context:7.0.0-M1
2025-03-14 11:03:18,784 [Worker-20: Download sources and javadoc] INFO  o.e.m.c.i.e.AbstractTransferListenerAdapter - Downloading https://repo.maven.apache.org/maven2/org/springframework/spring-aop/7.0.0-M1/spring-aop-7.0.0-M1-sources.jar
2025-03-14 11:03:19,002 [Worker-20: Download sources and javadoc] INFO  o.e.m.c.i.e.AbstractTransferListenerAdapter - Downloaded https://repo.maven.apache.org/maven2/org/springframework/spring-aop/7.0.0-M1/spring-aop-7.0.0-M1-sources.jar
2025-03-14 11:03:19,017 [Worker-20: Download sources and javadoc] INFO  o.e.m.j.internal.DownloadSourcesJob - Downloaded sources for org.springframework:spring-aop:7.0.0-M1
2025-03-14 11:03:19,117 [Worker-20: Download sources and javadoc] INFO  o.e.m.c.i.e.AbstractTransferListenerAdapter - Downloading https://repo.maven.apache.org/maven2/org/springframework/spring-expression/7.0.0-M1/spring-expression-7.0.0-M1-sources.jar
2025-03-14 11:03:19,273 [Worker-20: Download sources and javadoc] INFO  o.e.m.c.i.e.AbstractTransferListenerAdapter - Downloaded https://repo.maven.apache.org/maven2/org/springframework/spring-expression/7.0.0-M1/spring-expression-7.0.0-M1-sources.jar
2025-03-14 11:03:19,289 [Worker-20: Download sources and javadoc] INFO  o.e.m.j.internal.DownloadSourcesJob - Downloaded sources for org.springframework:spring-expression:7.0.0-M1
2025-03-25 14:52:47,398 [Worker-2: Loading available Gradle versions] INFO  o.e.b.c.i.u.g.PublishedGradleVersions - Gradle version information cache is out-of-date. Trying to update.
2025-03-25 14:53:18,493 [Worker-6: Building] INFO  o.a.m.s.f.DefaultMavenResourcesFiltering - skip non existing resourceDirectory D:\A2Z\Spring Core\IOCProj06_Strategy_DP_Spring\src\main\resources
2025-03-25 14:53:18,630 [Worker-6: Building] INFO  o.a.m.s.f.DefaultMavenResourcesFiltering - skip non existing resourceDirectory D:\A2Z\Spring Core\IOCProj06_Strategy_DP_Spring\src\test\resources
2025-03-25 14:59:30,890 [Worker-6: Building] INFO  o.a.m.s.f.DefaultMavenResourcesFiltering - skip non existing resourceDirectory D:\A2Z\Spring Core\IOCProj06_Strategy_DP_Spring\src\main\resources
2025-03-25 14:59:30,909 [Worker-6: Building] INFO  o.a.m.s.f.DefaultMavenResourcesFiltering - skip non existing resourceDirectory D:\A2Z\Spring Core\IOCProj06_Strategy_DP_Spring\src\test\resources
2025-03-25 15:01:33,981 [Worker-10: Building] INFO  o.a.m.s.f.DefaultMavenResourcesFiltering - skip non existing resourceDirectory D:\A2Z\Spring Core\IOCProj06_Strategy_DP_Spring\src\main\resources
2025-03-25 15:01:33,993 [Worker-10: Building] INFO  o.a.m.s.f.DefaultMavenResourcesFiltering - skip non existing resourceDirectory D:\A2Z\Spring Core\IOCProj06_Strategy_DP_Spring\src\test\resources
2025-03-25 15:03:36,022 [Worker-6: Building] INFO  o.a.m.s.f.DefaultMavenResourcesFiltering - skip non existing resourceDirectory D:\A2Z\Spring Core\IOCProj06_Strategy_DP_Spring\src\main\resources
2025-03-25 15:03:36,032 [Worker-6: Building] INFO  o.a.m.s.f.DefaultMavenResourcesFiltering - skip non existing resourceDirectory D:\A2Z\Spring Core\IOCProj06_Strategy_DP_Spring\src\test\resources
2025-03-25 15:04:53,710 [Worker-20: Building] INFO  o.a.m.s.f.DefaultMavenResourcesFiltering - skip non existing resourceDirectory D:\A2Z\Spring Core\IOCProj06_Strategy_DP_Spring\src\main\resources
2025-03-25 15:04:53,781 [Worker-20: Building] INFO  o.a.m.s.f.DefaultMavenResourcesFiltering - skip non existing resourceDirectory D:\A2Z\Spring Core\IOCProj06_Strategy_DP_Spring\src\test\resources
2025-03-25 15:05:24,036 [Worker-18: Building] INFO  o.a.m.s.f.DefaultMavenResourcesFiltering - skip non existing resourceDirectory D:\A2Z\Spring Core\IOCProj06_Strategy_DP_Spring\src\main\resources
2025-03-25 15:05:24,049 [Worker-18: Building] INFO  o.a.m.s.f.DefaultMavenResourcesFiltering - skip non existing resourceDirectory D:\A2Z\Spring Core\IOCProj06_Strategy_DP_Spring\src\test\resources
2025-03-28 15:21:17,646 [Worker-3: Loading available Gradle versions] INFO  o.e.b.c.i.u.g.PublishedGradleVersions - Gradle version information cache is out-of-date. Trying to update.
2025-03-28 15:21:22,946 [Worker-3: Loading available Gradle versions] INFO  o.e.b.c.i.u.g.PublishedGradleVersions - Updating Gradle version information cache failed. Using outdated cache.
2025-03-28 15:32:06,990 [Worker-16: Building] INFO  o.a.m.s.f.DefaultMavenResourcesFiltering - skip non existing resourceDirectory D:\A2Z\Spring Core\IOCProj06_Strategy_DP_Spring\src\main\resources
2025-03-28 15:32:07,031 [Worker-16: Building] INFO  o.a.m.s.f.DefaultMavenResourcesFiltering - skip non existing resourceDirectory D:\A2Z\Spring Core\IOCProj06_Strategy_DP_Spring\src\test\resources
2025-03-28 15:32:11,790 [Worker-19: Building] INFO  o.a.m.s.f.DefaultMavenResourcesFiltering - skip non existing resourceDirectory D:\A2Z\Spring Core\IOCProj06_Strategy_DP_Spring\src\main\resources
2025-03-28 15:32:11,806 [Worker-19: Building] INFO  o.a.m.s.f.DefaultMavenResourcesFiltering - skip non existing resourceDirectory D:\A2Z\Spring Core\IOCProj06_Strategy_DP_Spring\src\test\resources
2025-03-28 15:33:09,852 [Worker-16: Building] INFO  o.a.m.s.f.DefaultMavenResourcesFiltering - skip non existing resourceDirectory D:\A2Z\Spring Core\IOCProj06_Strategy_DP_Spring\src\main\resources
2025-03-28 15:33:09,873 [Worker-16: Building] INFO  o.a.m.s.f.DefaultMavenResourcesFiltering - skip non existing resourceDirectory D:\A2Z\Spring Core\IOCProj06_Strategy_DP_Spring\src\test\resources
2025-03-28 15:33:29,713 [Worker-16: Building] INFO  o.a.m.s.f.DefaultMavenResourcesFiltering - skip non existing resourceDirectory D:\A2Z\Spring Core\IOCProj06_Strategy_DP_Spring\src\main\resources
2025-03-28 15:33:29,728 [Worker-16: Building] INFO  o.a.m.s.f.DefaultMavenResourcesFiltering - skip non existing resourceDirectory D:\A2Z\Spring Core\IOCProj06_Strategy_DP_Spring\src\test\resources
2025-03-28 15:33:55,230 [Worker-16: Building] INFO  o.a.m.s.f.DefaultMavenResourcesFiltering - skip non existing resourceDirectory D:\A2Z\Spring Core\IOCProj06_Strategy_DP_Spring\src\main\resources
2025-03-28 15:33:55,242 [Worker-16: Building] INFO  o.a.m.s.f.DefaultMavenResourcesFiltering - skip non existing resourceDirectory D:\A2Z\Spring Core\IOCProj06_Strategy_DP_Spring\src\test\resources
2025-03-28 15:42:35,136 [Worker-16: Building] INFO  o.a.m.s.f.DefaultMavenResourcesFiltering - skip non existing resourceDirectory D:\A2Z\Spring Core\IOCProj06_Strategy_DP_Spring\src\main\resources
2025-03-28 15:42:35,150 [Worker-16: Building] INFO  o.a.m.s.f.DefaultMavenResourcesFiltering - skip non existing resourceDirectory D:\A2Z\Spring Core\IOCProj06_Strategy_DP_Spring\src\test\resources
2025-03-28 15:46:18,694 [Worker-23: Building] INFO  o.a.m.s.f.DefaultMavenResourcesFiltering - skip non existing resourceDirectory D:\A2Z\Spring Core\IOCProj06_Strategy_DP_Spring\src\main\resources
2025-03-28 15:46:18,707 [Worker-23: Building] INFO  o.a.m.s.f.DefaultMavenResourcesFiltering - skip non existing resourceDirectory D:\A2Z\Spring Core\IOCProj06_Strategy_DP_Spring\src\test\resources
2025-03-28 15:54:20,292 [Worker-23: Building] INFO  o.a.m.s.f.DefaultMavenResourcesFiltering - skip non existing resourceDirectory D:\A2Z\Spring Core\IOCProj06_Strategy_DP_Spring\src\main\resources
2025-03-28 15:54:20,308 [Worker-23: Building] INFO  o.a.m.s.f.DefaultMavenResourcesFiltering - skip non existing resourceDirectory D:\A2Z\Spring Core\IOCProj06_Strategy_DP_Spring\src\test\resources
2025-03-28 15:58:08,268 [Worker-26: Launching StrategyDPTest] INFO  o.a.m.s.f.DefaultMavenResourcesFiltering - skip non existing resourceDirectory D:\A2Z\Spring Core\IOCProj06_Strategy_DP_Spring\src\main\resources
2025-03-28 15:58:08,288 [Worker-26: Launching StrategyDPTest] INFO  o.a.m.s.f.DefaultMavenResourcesFiltering - skip non existing resourceDirectory D:\A2Z\Spring Core\IOCProj06_Strategy_DP_Spring\src\test\resources
2025-03-28 15:58:55,647 [Worker-27: Building] INFO  o.a.m.s.f.DefaultMavenResourcesFiltering - skip non existing resourceDirectory D:\A2Z\Spring Core\IOCProj06_Strategy_DP_Spring\src\main\resources
2025-03-28 15:58:55,657 [Worker-27: Building] INFO  o.a.m.s.f.DefaultMavenResourcesFiltering - skip non existing resourceDirectory D:\A2Z\Spring Core\IOCProj06_Strategy_DP_Spring\src\test\resources
